<?xml version="1.0" encoding="utf-8"?>
<test-run id="2" duration="1835.211" testcasecount="26" total="26" passed="14" failed="12" inconclusive="0" skipped="0" result="Failed" start-time="2019-02-13T 13:27:53Z" end-time="2019-02-13T 13:58:30Z">
  <test-suite type="Assembly" name="AlphaPoint_QA.dll" fullname="D:\WorkFolder\AlphaPoint\Development\Tech_Development\Demo_13Feb\AlphaPoint_QA\bin\Debug\netcoreapp2.0\AlphaPoint_QA.dll" total="26" passed="14" failed="12" inconclusive="0" skipped="0" result="Failed" duration="1835.211">
    <test-suite type="TestSuite" name="AlphaPoint_QA" fullname="AlphaPoint_QA" total="26" passed="14" failed="12" inconclusive="0" skipped="0" result="Failed" duration="1835.211">
      <test-suite type="TestSuite" name="Test" fullname="AlphaPoint_QA.Test" total="26" passed="14" failed="12" inconclusive="0" skipped="0" result="Failed" duration="1835.211">
        <test-suite type="TestFixture" name="AdvancedOrderTest" fullname="AlphaPoint_QA.Test.AdvancedOrderTest" total="14" passed="9" failed="5" inconclusive="0" skipped="0" result="Failed" duration="1016.77">
          <test-case name="AlphaPoint_QA.Test.AdvancedOrderTest.TC28_VerifyIOCAdvanceSellOrder" fullname="AlphaPoint_QA.Test.AdvancedOrderTest.TC28_VerifyIOCAdvanceSellOrder" methodname="TC28_VerifyIOCAdvanceSellOrder" classname="AlphaPoint_QA.Test.AdvancedOrderTest" result="Passed" duration="116.952" asserts="0">
            <output><![CDATA[{"StartTime":"2019-02-13 18:57 PM","Endtime":"2019-02-13 18:59 PM","EventLog":[{"EventTitle":null,"EventDetails":"User User_2 logged in successfully","TimeStamp":"2019-02-13 18:58 PM"},{"EventTitle":null,"EventDetails":"Setting up Buy market [Order Size 10, Limit Price 532]","TimeStamp":"2019-02-13 18:58 PM"},{"EventTitle":null,"EventDetails":"Exchange Menu verified successfully","TimeStamp":"2019-02-13 18:58 PM"},{"EventTitle":null,"EventDetails":"","TimeStamp":"2019-02-13 18:59 PM"},{"EventTitle":null,"EventDetails":"Market Buy Order placed successfully [Buy Amount 10]","TimeStamp":"2019-02-13 18:59 PM"},{"EventTitle":null,"EventDetails":"Limit Buy order placed successfully [Order Size 10, Limit Price 532] ","TimeStamp":"2019-02-13 18:59 PM"},{"EventTitle":null,"EventDetails":"User User_2 logged out successfully","TimeStamp":"2019-02-13 18:59 PM"},{"EventTitle":null,"EventDetails":"Buy Market setup completed [Order Size 10, Limit Price 532]","TimeStamp":"2019-02-13 18:59 PM"},{"EventTitle":null,"EventDetails":"User magic2 logged in successfully","TimeStamp":"2019-02-13 18:59 PM"},{"EventTitle":null,"EventDetails":"Cancelled all the open orders","TimeStamp":"2019-02-13 18:59 PM"},{"EventTitle":null,"EventDetails":"IOC Advance Sell Order placed successfully [Order Size 10, Limit Price 532]","TimeStamp":"2019-02-13 18:59 PM"},{"EventTitle":null,"EventDetails":"Last Price532.00000000","TimeStamp":"2019-02-13 18:59 PM"},{"EventTitle":null,"EventDetails":"Sell Order successfully verified in Filled Orders tab","TimeStamp":"2019-02-13 18:59 PM"}]}

]]></output>
          </test-case>
          <test-case name="AlphaPoint_QA.Test.AdvancedOrderTest.TC29_VerifyIOCAdvanceSellOrderMoreThanBidPrice" fullname="AlphaPoint_QA.Test.AdvancedOrderTest.TC29_VerifyIOCAdvanceSellOrderMoreThanBidPrice" methodname="TC29_VerifyIOCAdvanceSellOrderMoreThanBidPrice" classname="AlphaPoint_QA.Test.AdvancedOrderTest" result="Failed" duration="82.642" asserts="0">
            <output><![CDATA[{"StartTime":"2019-02-13 18:59 PM","Endtime":"2019-02-13 19:00 PM","EventLog":[{"EventTitle":null,"EventDetails":"User User_2 logged in successfully","TimeStamp":"2019-02-13 19:00 PM"},{"EventTitle":null,"EventDetails":"Setting up Buy market [Order Size 10, Limit Price 532]","TimeStamp":"2019-02-13 19:00 PM"},{"EventTitle":null,"EventDetails":"IOC Advance Sell Order Test Failed","TimeStamp":"2019-02-13 19:00 PM"}]}

]]></output>
            <failure>
              <message>OpenQA.Selenium.NoSuchElementException : no such element: Unable to locate element: {"method":"xpath","selector":"//button[@class='user-summary__popover-menu-trigger page-header-user-summary__popover-menu-trigger']"}
  (Session info: chrome=71.0.3578.98)
  (Driver info: chromedriver=2.45.615291 (ec3682e3c9061c10f26ea9e5cdcf3c53f3f74387),platform=Windows NT 10.0.17134 x86_64)</message>
              <stack-trace>   at AlphaPoint_QA.Common.UserFunctions.LogOut() in D:\WorkFolder\AlphaPoint\Development\Tech_Development\Demo_13Feb\AlphaPoint_QA\Common\UserFunctions.cs:line 115
   at AlphaPoint_QA.Test.AdvancedOrderTest.TC29_VerifyIOCAdvanceSellOrderMoreThanBidPrice() in D:\WorkFolder\AlphaPoint\Development\Tech_Development\Demo_13Feb\AlphaPoint_QA\Test\AdvancedOrderTest.cs:line 525</stack-trace>
            </failure>
          </test-case>
          <test-case name="AlphaPoint_QA.Test.AdvancedOrderTest.TC10_VerifyMarketOrderTypeAdvanceSellOrder" fullname="AlphaPoint_QA.Test.AdvancedOrderTest.TC10_VerifyMarketOrderTypeAdvanceSellOrder" methodname="TC10_VerifyMarketOrderTypeAdvanceSellOrder" classname="AlphaPoint_QA.Test.AdvancedOrderTest" result="Failed" duration="94.170999999999992" asserts="0">
            <output><![CDATA[{"StartTime":"2019-02-13 19:01 PM","Endtime":"2019-02-13 19:02 PM","EventLog":[{"EventTitle":null,"EventDetails":"User User_1 logged in successfully","TimeStamp":"2019-02-13 19:01 PM"},{"EventTitle":null,"EventDetails":"Setting up Buy market [Order Size 7, Limit Price 532]","TimeStamp":"2019-02-13 19:01 PM"},{"EventTitle":null,"EventDetails":"Exchange Menu verified successfully","TimeStamp":"2019-02-13 19:01 PM"},{"EventTitle":null,"EventDetails":"","TimeStamp":"2019-02-13 19:02 PM"},{"EventTitle":null,"EventDetails":"Market Buy Order placed successfully [Buy Amount 7]","TimeStamp":"2019-02-13 19:02 PM"},{"EventTitle":null,"EventDetails":"Limit Buy order placed successfully [Order Size 7, Limit Price 532] ","TimeStamp":"2019-02-13 19:02 PM"},{"EventTitle":null,"EventDetails":"User User_1 logged out successfully","TimeStamp":"2019-02-13 19:02 PM"},{"EventTitle":null,"EventDetails":"Buy Market setup completed [Order Size 7, Limit Price 532]","TimeStamp":"2019-02-13 19:02 PM"},{"EventTitle":null,"EventDetails":"User User_2 logged in successfully","TimeStamp":"2019-02-13 19:02 PM"},{"EventTitle":null,"EventDetails":"Cancelled all the open orders","TimeStamp":"2019-02-13 19:02 PM"},{"EventTitle":null,"EventDetails":"Last Price532.00000000","TimeStamp":"2019-02-13 19:02 PM"},{"EventTitle":null,"EventDetails":"Sell Order not found in Filled Orders tab","TimeStamp":"2019-02-13 19:02 PM"},{"EventTitle":null,"EventDetails":"Market Advance Sell Order Failed [Order Size 7]","TimeStamp":"2019-02-13 19:02 PM"}]}

]]></output>
            <failure>
              <message>Assert.True() Failure
Expected: True
Actual:   False</message>
              <stack-trace>   at AlphaPoint_QA.Test.AdvancedOrderTest.TC10_VerifyMarketOrderTypeAdvanceSellOrder() in D:\WorkFolder\AlphaPoint\Development\Tech_Development\Demo_13Feb\AlphaPoint_QA\Test\AdvancedOrderTest.cs:line 171</stack-trace>
            </failure>
          </test-case>
          <test-case name="AlphaPoint_QA.Test.AdvancedOrderTest.TC32_VerifyPlaceSellOrderWithReserveOrderType" fullname="AlphaPoint_QA.Test.AdvancedOrderTest.TC32_VerifyPlaceSellOrderWithReserveOrderType" methodname="TC32_VerifyPlaceSellOrderWithReserveOrderType" classname="AlphaPoint_QA.Test.AdvancedOrderTest" result="Passed" duration="31.581999999999997" asserts="0">
            <output><![CDATA[{"StartTime":"2019-02-13 19:02 PM","Endtime":"2019-02-13 19:03 PM","EventLog":[{"EventTitle":null,"EventDetails":"User User_2 logged in successfully","TimeStamp":"2019-02-13 19:02 PM"},{"EventTitle":null,"EventDetails":"Cancelled all the open orders","TimeStamp":"2019-02-13 19:03 PM"},{"EventTitle":null,"EventDetails":"Reserve Advance Sell Order placed successfully [Order Size 10, LimitPrice 50, DisplayQuantity1]","TimeStamp":"2019-02-13 19:03 PM"},{"EventTitle":null,"EventDetails":"Sell Order Successfully verifed in Open orders tab","TimeStamp":"2019-02-13 19:03 PM"}]}

]]></output>
          </test-case>
          <test-case name="AlphaPoint_QA.Test.AdvancedOrderTest.TC31_VerifyPlaceBuyOrderWithReservOrderType" fullname="AlphaPoint_QA.Test.AdvancedOrderTest.TC31_VerifyPlaceBuyOrderWithReservOrderType" methodname="TC31_VerifyPlaceBuyOrderWithReservOrderType" classname="AlphaPoint_QA.Test.AdvancedOrderTest" result="Passed" duration="32.641999999999996" asserts="0">
            <output><![CDATA[{"StartTime":"2019-02-13 19:03 PM","Endtime":"2019-02-13 19:03 PM","EventLog":[{"EventTitle":null,"EventDetails":"User User_2 logged in successfully","TimeStamp":"2019-02-13 19:03 PM"},{"EventTitle":null,"EventDetails":"Cancelled all the open orders","TimeStamp":"2019-02-13 19:03 PM"},{"EventTitle":null,"EventDetails":"Reserve Advance Buy Order placed successfully [Order Size 10, LimitPrice 50, DisplayQuantity1]","TimeStamp":"2019-02-13 19:03 PM"},{"EventTitle":null,"EventDetails":"Buy Order Successfully verifed in Open orders tab","TimeStamp":"2019-02-13 19:03 PM"}]}

]]></output>
          </test-case>
          <test-case name="AlphaPoint_QA.Test.AdvancedOrderTest.TC13_VerifyStopMarketBuyOrder" fullname="AlphaPoint_QA.Test.AdvancedOrderTest.TC13_VerifyStopMarketBuyOrder" methodname="TC13_VerifyStopMarketBuyOrder" classname="AlphaPoint_QA.Test.AdvancedOrderTest" result="Passed" duration="129.452" asserts="0">
            <output><![CDATA[{"StartTime":"2019-02-13 19:03 PM","Endtime":"2019-02-13 19:05 PM","EventLog":[{"EventTitle":null,"EventDetails":"User User_3 logged in successfully","TimeStamp":"2019-02-13 19:04 PM"},{"EventTitle":null,"EventDetails":"Setting up Sell market [Order Size 10, Limit Price 532]","TimeStamp":"2019-02-13 19:04 PM"},{"EventTitle":null,"EventDetails":"Exchange Menu verified successfully","TimeStamp":"2019-02-13 19:04 PM"},{"EventTitle":null,"EventDetails":"","TimeStamp":"2019-02-13 19:04 PM"},{"EventTitle":null,"EventDetails":"Market Sell Order placed successfully [Buy Amount 10]","TimeStamp":"2019-02-13 19:04 PM"},{"EventTitle":null,"EventDetails":"Limit Sell order placed successfully [Order Size 10, Limit Price 532] ","TimeStamp":"2019-02-13 19:04 PM"},{"EventTitle":null,"EventDetails":"User User_3 logged out successfully","TimeStamp":"2019-02-13 19:04 PM"},{"EventTitle":null,"EventDetails":"Sell Market setup completed [Order Size 10, Limit Price 532]","TimeStamp":"2019-02-13 19:04 PM"},{"EventTitle":null,"EventDetails":"User User_4 logged in successfully","TimeStamp":"2019-02-13 19:04 PM"},{"EventTitle":null,"EventDetails":"Cancelled all the open orders","TimeStamp":"2019-02-13 19:04 PM"},{"EventTitle":null,"EventDetails":"Buy Order Successfully verifed in Open orders tab","TimeStamp":"2019-02-13 19:05 PM"},{"EventTitle":null,"EventDetails":"User User_5 logged in successfully","TimeStamp":"2019-02-13 19:05 PM"},{"EventTitle":null,"EventDetails":"no such element: Unable to locate element: {\"method\":\"xpath\",\"selector\":\"//a[@class='ap-logo__link standalone-layout__logo__link']\"}\n  (Session info: chrome=71.0.3578.98)\n  (Driver info: chromedriver=2.45.615291 (ec3682e3c9061c10f26ea9e5cdcf3c53f3f74387),platform=Windows NT 10.0.17134 x86_64)   at OpenQA.Selenium.Remote.RemoteWebDriver.UnpackAndThrowOnError(Response errorResponse)\r\n   at OpenQA.Selenium.Remote.RemoteWebDriver.Execute(String driverCommandToExecute, Dictionary`2 parameters)\r\n   at OpenQA.Selenium.Remote.RemoteWebDriver.FindElement(String mechanism, String value)\r\n   at AlphaPoint_QA.Common.UserCommonFunctions.SelectLinkOnKYCPage(IWebDriver driver) in D:\\WorkFolder\\AlphaPoint\\Development\\Tech_Development\\Demo_13Feb\\AlphaPoint_QA\\Common\\UserCommonFunctions.cs:line 540\r\n   at AlphaPoint_QA.Common.UserCommonFunctions.PlaceOrdersToSetLastPrice(IWebDriver driver, String instrument, String buyTab, String sellTab, String orderSize, String limitPrice, String timeInForce, String userBuyer, String userSeller) in D:\\WorkFolder\\AlphaPoint\\Development\\Tech_Development\\Demo_13Feb\\AlphaPoint_QA\\Common\\UserCommonFunctions.cs:line 514\r\n   at AlphaPoint_QA.Test.AdvancedOrderTest.TC13_VerifyStopMarketBuyOrder() in D:\\WorkFolder\\AlphaPoint\\Development\\Tech_Development\\Demo_13Feb\\AlphaPoint_QA\\Test\\AdvancedOrderTest.cs:line 778","TimeStamp":"2019-02-13 19:05 PM"}]}

]]></output>
          </test-case>
          <test-case name="AlphaPoint_QA.Test.AdvancedOrderTest.TC17_VerifyTrailingStopMarketBuyOrder" fullname="AlphaPoint_QA.Test.AdvancedOrderTest.TC17_VerifyTrailingStopMarketBuyOrder" methodname="TC17_VerifyTrailingStopMarketBuyOrder" classname="AlphaPoint_QA.Test.AdvancedOrderTest" result="Passed" duration="34.26" asserts="0">
            <output><![CDATA[{"StartTime":"2019-02-13 19:06 PM","Endtime":"2019-02-13 19:06 PM","EventLog":[{"EventTitle":null,"EventDetails":"User User_5 logged in successfully","TimeStamp":"2019-02-13 19:06 PM"},{"EventTitle":null,"EventDetails":"no such element: Unable to locate element: {\"method\":\"xpath\",\"selector\":\"//a[@class='ap-logo__link standalone-layout__logo__link']\"}\n  (Session info: chrome=71.0.3578.98)\n  (Driver info: chromedriver=2.45.615291 (ec3682e3c9061c10f26ea9e5cdcf3c53f3f74387),platform=Windows NT 10.0.17134 x86_64)   at OpenQA.Selenium.Remote.RemoteWebDriver.UnpackAndThrowOnError(Response errorResponse)\r\n   at OpenQA.Selenium.Remote.RemoteWebDriver.Execute(String driverCommandToExecute, Dictionary`2 parameters)\r\n   at OpenQA.Selenium.Remote.RemoteWebDriver.FindElement(String mechanism, String value)\r\n   at AlphaPoint_QA.Common.UserCommonFunctions.SelectLinkOnKYCPage(IWebDriver driver) in D:\\WorkFolder\\AlphaPoint\\Development\\Tech_Development\\Demo_13Feb\\AlphaPoint_QA\\Common\\UserCommonFunctions.cs:line 540\r\n   at AlphaPoint_QA.Common.UserCommonFunctions.PlaceOrdersToSetLastPrice(IWebDriver driver, String instrument, String buyTab, String sellTab, String orderSize, String limitPrice, String timeInForce, String userBuyer, String userSeller) in D:\\WorkFolder\\AlphaPoint\\Development\\Tech_Development\\Demo_13Feb\\AlphaPoint_QA\\Common\\UserCommonFunctions.cs:line 514\r\n   at AlphaPoint_QA.Test.AdvancedOrderTest.TC17_VerifyTrailingStopMarketBuyOrder() in D:\\WorkFolder\\AlphaPoint\\Development\\Tech_Development\\Demo_13Feb\\AlphaPoint_QA\\Test\\AdvancedOrderTest.cs:line 950","TimeStamp":"2019-02-13 19:06 PM"}]}

]]></output>
          </test-case>
          <test-case name="AlphaPoint_QA.Test.AdvancedOrderTest.TC18_VerifyTrailingStopMarketSellOrder" fullname="AlphaPoint_QA.Test.AdvancedOrderTest.TC18_VerifyTrailingStopMarketSellOrder" methodname="TC18_VerifyTrailingStopMarketSellOrder" classname="AlphaPoint_QA.Test.AdvancedOrderTest" result="Passed" duration="34.946" asserts="0">
            <output><![CDATA[{"StartTime":"2019-02-13 19:06 PM","Endtime":"2019-02-13 19:07 PM","EventLog":[{"EventTitle":null,"EventDetails":"User User_5 logged in successfully","TimeStamp":"2019-02-13 19:06 PM"},{"EventTitle":null,"EventDetails":"no such element: Unable to locate element: {\"method\":\"xpath\",\"selector\":\"//a[@class='ap-logo__link standalone-layout__logo__link']\"}\n  (Session info: chrome=71.0.3578.98)\n  (Driver info: chromedriver=2.45.615291 (ec3682e3c9061c10f26ea9e5cdcf3c53f3f74387),platform=Windows NT 10.0.17134 x86_64)   at OpenQA.Selenium.Remote.RemoteWebDriver.UnpackAndThrowOnError(Response errorResponse)\r\n   at OpenQA.Selenium.Remote.RemoteWebDriver.Execute(String driverCommandToExecute, Dictionary`2 parameters)\r\n   at OpenQA.Selenium.Remote.RemoteWebDriver.FindElement(String mechanism, String value)\r\n   at AlphaPoint_QA.Common.UserCommonFunctions.SelectLinkOnKYCPage(IWebDriver driver) in D:\\WorkFolder\\AlphaPoint\\Development\\Tech_Development\\Demo_13Feb\\AlphaPoint_QA\\Common\\UserCommonFunctions.cs:line 540\r\n   at AlphaPoint_QA.Common.UserCommonFunctions.PlaceOrdersToSetLastPrice(IWebDriver driver, String instrument, String buyTab, String sellTab, String orderSize, String limitPrice, String timeInForce, String userBuyer, String userSeller) in D:\\WorkFolder\\AlphaPoint\\Development\\Tech_Development\\Demo_13Feb\\AlphaPoint_QA\\Common\\UserCommonFunctions.cs:line 514\r\n   at AlphaPoint_QA.Test.AdvancedOrderTest.TC18_VerifyTrailingStopMarketSellOrder() in D:\\WorkFolder\\AlphaPoint\\Development\\Tech_Development\\Demo_13Feb\\AlphaPoint_QA\\Test\\AdvancedOrderTest.cs:line 1027","TimeStamp":"2019-02-13 19:07 PM"}]}

]]></output>
          </test-case>
          <test-case name="AlphaPoint_QA.Test.AdvancedOrderTest.TC26_VerifyIOCAdvanceBuyOrderLimitAskPrice" fullname="AlphaPoint_QA.Test.AdvancedOrderTest.TC26_VerifyIOCAdvanceBuyOrderLimitAskPrice" methodname="TC26_VerifyIOCAdvanceBuyOrderLimitAskPrice" classname="AlphaPoint_QA.Test.AdvancedOrderTest" result="Failed" duration="69.341" asserts="0">
            <output><![CDATA[{"StartTime":"2019-02-13 19:07 PM","Endtime":"2019-02-13 19:08 PM","EventLog":[{"EventTitle":null,"EventDetails":"User User_2 logged in successfully","TimeStamp":"2019-02-13 19:07 PM"},{"EventTitle":null,"EventDetails":"Setting up Sell market [Order Size 10, Limit Price 533]","TimeStamp":"2019-02-13 19:07 PM"},{"EventTitle":null,"EventDetails":"Exchange Menu verified successfully","TimeStamp":"2019-02-13 19:07 PM"},{"EventTitle":null,"EventDetails":"","TimeStamp":"2019-02-13 19:07 PM"},{"EventTitle":null,"EventDetails":"Market Sell Order placed successfully [Buy Amount 10]","TimeStamp":"2019-02-13 19:07 PM"},{"EventTitle":null,"EventDetails":"Limit Sell order placed successfully [Order Size 10, Limit Price 533] ","TimeStamp":"2019-02-13 19:07 PM"},{"EventTitle":null,"EventDetails":"User User_2 logged out successfully","TimeStamp":"2019-02-13 19:07 PM"},{"EventTitle":null,"EventDetails":"Sell Market setup completed [Order Size 10, Limit Price 533]","TimeStamp":"2019-02-13 19:07 PM"},{"EventTitle":null,"EventDetails":"User magic2 logged in successfully","TimeStamp":"2019-02-13 19:07 PM"},{"EventTitle":null,"EventDetails":"Cancelled all the open orders","TimeStamp":"2019-02-13 19:08 PM"},{"EventTitle":null,"EventDetails":"IOC Advance Buy Order Test Failed","TimeStamp":"2019-02-13 19:08 PM"}]}

]]></output>
            <failure>
              <message>Assert.Equal() Failure
               ↓ (pos 5)
Expected: Your Order has been Canceled
Actual:   Your order has been successfully added
               ↑ (pos 5)</message>
              <stack-trace>   at AlphaPoint_QA.Test.AdvancedOrderTest.TC26_VerifyIOCAdvanceBuyOrderLimitAskPrice() in D:\WorkFolder\AlphaPoint\Development\Tech_Development\Demo_13Feb\AlphaPoint_QA\Test\AdvancedOrderTest.cs:line 306</stack-trace>
            </failure>
          </test-case>
          <test-case name="AlphaPoint_QA.Test.AdvancedOrderTest.TC30_VerifyPartiallyIOCAdvanceSellOrderMoreThanBidPrice" fullname="AlphaPoint_QA.Test.AdvancedOrderTest.TC30_VerifyPartiallyIOCAdvanceSellOrderMoreThanBidPrice" methodname="TC30_VerifyPartiallyIOCAdvanceSellOrderMoreThanBidPrice" classname="AlphaPoint_QA.Test.AdvancedOrderTest" result="Passed" duration="72.85499999999999" asserts="0">
            <output><![CDATA[{"StartTime":"2019-02-13 19:08 PM","Endtime":"2019-02-13 19:09 PM","EventLog":[{"EventTitle":null,"EventDetails":"User User_2 logged in successfully","TimeStamp":"2019-02-13 19:08 PM"},{"EventTitle":null,"EventDetails":"Setting up Buy market [Order Size 7, Limit Price 533]","TimeStamp":"2019-02-13 19:08 PM"},{"EventTitle":null,"EventDetails":"Exchange Menu verified successfully","TimeStamp":"2019-02-13 19:08 PM"},{"EventTitle":null,"EventDetails":"","TimeStamp":"2019-02-13 19:08 PM"},{"EventTitle":null,"EventDetails":"Market Buy Order placed successfully [Buy Amount 7]","TimeStamp":"2019-02-13 19:08 PM"},{"EventTitle":null,"EventDetails":"Limit Buy order placed successfully [Order Size 7, Limit Price 533] ","TimeStamp":"2019-02-13 19:08 PM"},{"EventTitle":null,"EventDetails":"User User_2 logged out successfully","TimeStamp":"2019-02-13 19:08 PM"},{"EventTitle":null,"EventDetails":"Buy Market setup completed [Order Size 7, Limit Price 533]","TimeStamp":"2019-02-13 19:08 PM"},{"EventTitle":null,"EventDetails":"User User_1 logged in successfully","TimeStamp":"2019-02-13 19:09 PM"},{"EventTitle":null,"EventDetails":"Cancelled all the open orders","TimeStamp":"2019-02-13 19:09 PM"},{"EventTitle":null,"EventDetails":"IOC Advance Sell Order placed successfully [Order Size 9, Limit Price 533]","TimeStamp":"2019-02-13 19:09 PM"},{"EventTitle":null,"EventDetails":"Last Price533.00000000","TimeStamp":"2019-02-13 19:09 PM"},{"EventTitle":null,"EventDetails":"Sell Order successfully verified in Filled Orders tab","TimeStamp":"2019-02-13 19:09 PM"},{"EventTitle":null,"EventDetails":"Sell Order successfully verified in Inactive Orders tab","TimeStamp":"2019-02-13 19:09 PM"}]}

]]></output>
          </test-case>
          <test-case name="AlphaPoint_QA.Test.AdvancedOrderTest.TC25_VerifyIOCAdvanceBuyOrder" fullname="AlphaPoint_QA.Test.AdvancedOrderTest.TC25_VerifyIOCAdvanceBuyOrder" methodname="TC25_VerifyIOCAdvanceBuyOrder" classname="AlphaPoint_QA.Test.AdvancedOrderTest" result="Passed" duration="73.256999999999991" asserts="0">
            <output><![CDATA[{"StartTime":"2019-02-13 19:09 PM","Endtime":"2019-02-13 19:10 PM","EventLog":[{"EventTitle":null,"EventDetails":"User User_2 logged in successfully","TimeStamp":"2019-02-13 19:09 PM"},{"EventTitle":null,"EventDetails":"Setting up Sell market [Order Size 10, Limit Price 532]","TimeStamp":"2019-02-13 19:09 PM"},{"EventTitle":null,"EventDetails":"Exchange Menu verified successfully","TimeStamp":"2019-02-13 19:09 PM"},{"EventTitle":null,"EventDetails":"","TimeStamp":"2019-02-13 19:10 PM"},{"EventTitle":null,"EventDetails":"Market Sell Order placed successfully [Buy Amount 10]","TimeStamp":"2019-02-13 19:10 PM"},{"EventTitle":null,"EventDetails":"Limit Sell order placed successfully [Order Size 10, Limit Price 532] ","TimeStamp":"2019-02-13 19:10 PM"},{"EventTitle":null,"EventDetails":"User User_2 logged out successfully","TimeStamp":"2019-02-13 19:10 PM"},{"EventTitle":null,"EventDetails":"Sell Market setup completed [Order Size 10, Limit Price 532]","TimeStamp":"2019-02-13 19:10 PM"},{"EventTitle":null,"EventDetails":"User magic2 logged in successfully","TimeStamp":"2019-02-13 19:10 PM"},{"EventTitle":null,"EventDetails":"Cancelled all the open orders","TimeStamp":"2019-02-13 19:10 PM"},{"EventTitle":null,"EventDetails":"IOC Advance Buy Order placed successfully [Order Size 10, Limit Price 532]","TimeStamp":"2019-02-13 19:10 PM"},{"EventTitle":null,"EventDetails":"Last Price532.00000000","TimeStamp":"2019-02-13 19:10 PM"},{"EventTitle":null,"EventDetails":"Buy Order successfully verified in Filled Orders tab","TimeStamp":"2019-02-13 19:10 PM"},{"EventTitle":null,"EventDetails":"Order Successfully verified in Filled orders tab [Instrument BTCUSD, Side Buy, Order Size 10, Date/Time System.Collections.Generic.Dictionary`2[System.String,System.String]]","TimeStamp":"2019-02-13 19:10 PM"}]}

]]></output>
          </test-case>
          <test-case name="AlphaPoint_QA.Test.AdvancedOrderTest.TC14_VerifyStopMarketSellOrder" fullname="AlphaPoint_QA.Test.AdvancedOrderTest.TC14_VerifyStopMarketSellOrder" methodname="TC14_VerifyStopMarketSellOrder" classname="AlphaPoint_QA.Test.AdvancedOrderTest" result="Failed" duration="61.528" asserts="0">
            <output><![CDATA[{"StartTime":"2019-02-13 19:10 PM","Endtime":"2019-02-13 19:11 PM","EventLog":[{"EventTitle":null,"EventDetails":"User User_3 logged in successfully","TimeStamp":"2019-02-13 19:10 PM"},{"EventTitle":null,"EventDetails":"Setting up Buy market [Order Size 10, Limit Price 532]","TimeStamp":"2019-02-13 19:10 PM"},{"EventTitle":null,"EventDetails":"Exchange Menu verified successfully","TimeStamp":"2019-02-13 19:11 PM"},{"EventTitle":null,"EventDetails":"","TimeStamp":"2019-02-13 19:11 PM"},{"EventTitle":null,"EventDetails":"Market Buy Order placed successfully [Buy Amount 10]","TimeStamp":"2019-02-13 19:11 PM"},{"EventTitle":null,"EventDetails":"Limit Buy order placed successfully [Order Size 10, Limit Price 532] ","TimeStamp":"2019-02-13 19:11 PM"},{"EventTitle":null,"EventDetails":"User User_3 logged out successfully","TimeStamp":"2019-02-13 19:11 PM"},{"EventTitle":null,"EventDetails":"Buy Market setup completed [Order Size 10, Limit Price 532]","TimeStamp":"2019-02-13 19:11 PM"},{"EventTitle":null,"EventDetails":"User User_4 logged in successfully","TimeStamp":"2019-02-13 19:11 PM"},{"EventTitle":null,"EventDetails":"Stop Market Advance Sell Order Failed [Order Size 10]","TimeStamp":"2019-02-13 19:11 PM"}]}

]]></output>
            <failure>
              <message>OpenQA.Selenium.StaleElementReferenceException : stale element reference: element is not attached to the page document
  (Session info: chrome=71.0.3578.98)
  (Driver info: chromedriver=2.45.615291 (ec3682e3c9061c10f26ea9e5cdcf3c53f3f74387),platform=Windows NT 10.0.17134 x86_64)</message>
              <stack-trace>   at AlphaPoint_QA.Test.AdvancedOrderTest.TC14_VerifyStopMarketSellOrder() in D:\WorkFolder\AlphaPoint\Development\Tech_Development\Demo_13Feb\AlphaPoint_QA\Test\AdvancedOrderTest.cs:line 910</stack-trace>
            </failure>
          </test-case>
          <test-case name="AlphaPoint_QA.Test.AdvancedOrderTest.TC9_VerifyMarketOrderTypeAdvanceBuyOrder" fullname="AlphaPoint_QA.Test.AdvancedOrderTest.TC9_VerifyMarketOrderTypeAdvanceBuyOrder" methodname="TC9_VerifyMarketOrderTypeAdvanceBuyOrder" classname="AlphaPoint_QA.Test.AdvancedOrderTest" result="Failed" duration="85.189" asserts="0">
            <output><![CDATA[{"StartTime":"2019-02-13 19:11 PM","Endtime":"2019-02-13 19:13 PM","EventLog":[{"EventTitle":null,"EventDetails":"User User_1 logged in successfully","TimeStamp":"2019-02-13 19:11 PM"},{"EventTitle":null,"EventDetails":"Setting up Sell market [Order Size 7, Limit Price 532]","TimeStamp":"2019-02-13 19:12 PM"},{"EventTitle":null,"EventDetails":"Exchange Menu verified successfully","TimeStamp":"2019-02-13 19:12 PM"},{"EventTitle":null,"EventDetails":"","TimeStamp":"2019-02-13 19:12 PM"},{"EventTitle":null,"EventDetails":"Market Sell Order placed successfully [Buy Amount 7]","TimeStamp":"2019-02-13 19:12 PM"},{"EventTitle":null,"EventDetails":"Limit Sell order placed successfully [Order Size 7, Limit Price 532] ","TimeStamp":"2019-02-13 19:12 PM"},{"EventTitle":null,"EventDetails":"User User_1 logged out successfully","TimeStamp":"2019-02-13 19:12 PM"},{"EventTitle":null,"EventDetails":"Sell Market setup completed [Order Size 7, Limit Price 532]","TimeStamp":"2019-02-13 19:12 PM"},{"EventTitle":null,"EventDetails":"User User_2 logged in successfully","TimeStamp":"2019-02-13 19:12 PM"},{"EventTitle":null,"EventDetails":"Cancelled all the open orders","TimeStamp":"2019-02-13 19:12 PM"},{"EventTitle":null,"EventDetails":"Market Advance Buy Order Failed [Order Size 7]","TimeStamp":"2019-02-13 19:13 PM"}]}

]]></output>
            <failure>
              <message>OpenQA.Selenium.WebDriverException : unknown error: Element &lt;button class="user-summary__popover-menu-trigger page-header-user-summary__popover-menu-trigger"&gt;...&lt;/button&gt; is not clickable at point (1253, 34). Other element would receive the click: &lt;div class="slide-pane__header"&gt;...&lt;/div&gt;
  (Session info: chrome=71.0.3578.98)
  (Driver info: chromedriver=2.45.615291 (ec3682e3c9061c10f26ea9e5cdcf3c53f3f74387),platform=Windows NT 10.0.17134 x86_64)</message>
              <stack-trace>   at AlphaPoint_QA.Common.UserFunctions.LogOut() in D:\WorkFolder\AlphaPoint\Development\Tech_Development\Demo_13Feb\AlphaPoint_QA\Common\UserFunctions.cs:line 115
   at AlphaPoint_QA.Test.AdvancedOrderTest.TC9_VerifyMarketOrderTypeAdvanceBuyOrder() in D:\WorkFolder\AlphaPoint\Development\Tech_Development\Demo_13Feb\AlphaPoint_QA\Test\AdvancedOrderTest.cs:line 109</stack-trace>
            </failure>
          </test-case>
          <test-case name="AlphaPoint_QA.Test.AdvancedOrderTest.TC27_VerifyPartiallyIOCAdvanceBuyOrderLimitAskPrice" fullname="AlphaPoint_QA.Test.AdvancedOrderTest.TC27_VerifyPartiallyIOCAdvanceBuyOrderLimitAskPrice" methodname="TC27_VerifyPartiallyIOCAdvanceBuyOrderLimitAskPrice" classname="AlphaPoint_QA.Test.AdvancedOrderTest" result="Passed" duration="97.952999999999989" asserts="0">
            <output><![CDATA[{"StartTime":"2019-02-13 19:13 PM","Endtime":"2019-02-13 19:14 PM","EventLog":[{"EventTitle":null,"EventDetails":"User User_2 logged in successfully","TimeStamp":"2019-02-13 19:13 PM"},{"EventTitle":null,"EventDetails":"Setting up Sell market [Order Size 7, Limit Price 533]","TimeStamp":"2019-02-13 19:13 PM"},{"EventTitle":null,"EventDetails":"Exchange Menu verified successfully","TimeStamp":"2019-02-13 19:13 PM"},{"EventTitle":null,"EventDetails":"","TimeStamp":"2019-02-13 19:14 PM"},{"EventTitle":null,"EventDetails":"Market Sell Order placed successfully [Buy Amount 7]","TimeStamp":"2019-02-13 19:14 PM"},{"EventTitle":null,"EventDetails":"Limit Sell order placed successfully [Order Size 7, Limit Price 533] ","TimeStamp":"2019-02-13 19:14 PM"},{"EventTitle":null,"EventDetails":"User User_2 logged out successfully","TimeStamp":"2019-02-13 19:14 PM"},{"EventTitle":null,"EventDetails":"Sell Market setup completed [Order Size 7, Limit Price 533]","TimeStamp":"2019-02-13 19:14 PM"},{"EventTitle":null,"EventDetails":"User User_1 logged in successfully","TimeStamp":"2019-02-13 19:14 PM"},{"EventTitle":null,"EventDetails":"Cancelled all the open orders","TimeStamp":"2019-02-13 19:14 PM"},{"EventTitle":null,"EventDetails":"IOC Advance Buy Order placed successfully [Order Size 9, Limit Price 533]","TimeStamp":"2019-02-13 19:14 PM"},{"EventTitle":null,"EventDetails":"Last Price533.00000000","TimeStamp":"2019-02-13 19:14 PM"},{"EventTitle":null,"EventDetails":"Buy Order successfully verified in Filled Orders tab","TimeStamp":"2019-02-13 19:14 PM"},{"EventTitle":null,"EventDetails":"Buy Order successfully verified in Inactive Orders tab","TimeStamp":"2019-02-13 19:14 PM"}]}

]]></output>
          </test-case>
        </test-suite>
        <test-suite type="TestFixture" name="LoyaltyTokenTest" fullname="AlphaPoint_QA.Test.LoyaltyTokenTest" total="2" passed="1" failed="1" inconclusive="0" skipped="0" result="Failed" duration="100.62899999999999">
          <test-case name="AlphaPoint_QA.Test.LoyaltyTokenTest.TC50_VerifyLoyalityFeeSellMarketOrder" fullname="AlphaPoint_QA.Test.LoyaltyTokenTest.TC50_VerifyLoyalityFeeSellMarketOrder" methodname="TC50_VerifyLoyalityFeeSellMarketOrder" classname="AlphaPoint_QA.Test.LoyaltyTokenTest" result="Failed" duration="50.772999999999996" asserts="0">
            <output><![CDATA[{"StartTime":"2019-02-13 19:14 PM","Endtime":"2019-02-13 19:15 PM","EventLog":[{"EventTitle":null,"EventDetails":"Admin user Admin logged in successfully.","TimeStamp":"2019-02-13 19:14 PM"},{"EventTitle":null,"EventDetails":"Admin user logged out successfully","TimeStamp":"2019-02-13 19:15 PM"},{"EventTitle":null,"EventDetails":"User User_2 logged in successfully","TimeStamp":"2019-02-13 19:15 PM"},{"EventTitle":null,"EventDetails":"Loyalty Token - Sell Market Order verification failed","TimeStamp":"2019-02-13 19:15 PM"}]}

]]></output>
            <failure>
              <message>OpenQA.Selenium.StaleElementReferenceException : stale element reference: element is not attached to the page document
  (Session info: chrome=71.0.3578.98)
  (Driver info: chromedriver=2.45.615291 (ec3682e3c9061c10f26ea9e5cdcf3c53f3f74387),platform=Windows NT 10.0.17134 x86_64)</message>
              <stack-trace>   at AlphaPoint_QA.Test.LoyaltyTokenTest.TC50_VerifyLoyalityFeeSellMarketOrder() in D:\WorkFolder\AlphaPoint\Development\Tech_Development\Demo_13Feb\AlphaPoint_QA\Test\LoyaltyTokenTest.cs:line 151</stack-trace>
            </failure>
          </test-case>
          <test-case name="AlphaPoint_QA.Test.LoyaltyTokenTest.TC49_VerifyLoyalityFeeBuyMarketOrder" fullname="AlphaPoint_QA.Test.LoyaltyTokenTest.TC49_VerifyLoyalityFeeBuyMarketOrder" methodname="TC49_VerifyLoyalityFeeBuyMarketOrder" classname="AlphaPoint_QA.Test.LoyaltyTokenTest" result="Passed" duration="49.855999999999995" asserts="0">
            <output><![CDATA[{"StartTime":"2019-02-13 19:15 PM","Endtime":"2019-02-13 19:16 PM","EventLog":[{"EventTitle":null,"EventDetails":"Admin user Admin logged in successfully.","TimeStamp":"2019-02-13 19:15 PM"},{"EventTitle":null,"EventDetails":"Admin user logged out successfully","TimeStamp":"2019-02-13 19:16 PM"},{"EventTitle":null,"EventDetails":"User User_2 logged in successfully","TimeStamp":"2019-02-13 19:16 PM"},{"EventTitle":null,"EventDetails":"Loyalty Token - Buy Market Order verification passed","TimeStamp":"2019-02-13 19:16 PM"}]}

]]></output>
          </test-case>
        </test-suite>
        <test-suite type="TestFixture" name="OrderEntryTest" fullname="AlphaPoint_QA.Test.OrderEntryTest" total="5" passed="2" failed="3" inconclusive="0" skipped="0" result="Failed" duration="329.08799999999997">
          <test-case name="AlphaPoint_QA.Test.OrderEntryTest.TC4_VerifySellMarketOrder" fullname="AlphaPoint_QA.Test.OrderEntryTest.TC4_VerifySellMarketOrder" methodname="TC4_VerifySellMarketOrder" classname="AlphaPoint_QA.Test.OrderEntryTest" result="Passed" duration="78.541" asserts="0">
            <output><![CDATA[{"StartTime":"2019-02-13 19:16 PM","Endtime":"2019-02-13 19:17 PM","EventLog":[{"EventTitle":null,"EventDetails":"User User_3 logged in successfully","TimeStamp":"2019-02-13 19:16 PM"},{"EventTitle":null,"EventDetails":"Setting up Buy market [Order Size 0.8, Limit Price 532]","TimeStamp":"2019-02-13 19:16 PM"},{"EventTitle":null,"EventDetails":"Exchange Menu verified successfully","TimeStamp":"2019-02-13 19:16 PM"},{"EventTitle":null,"EventDetails":"","TimeStamp":"2019-02-13 19:17 PM"},{"EventTitle":null,"EventDetails":"Market Buy Order placed successfully [Buy Amount 0.8]","TimeStamp":"2019-02-13 19:17 PM"},{"EventTitle":null,"EventDetails":"Limit Buy order placed successfully [Order Size 0.8, Limit Price 532] ","TimeStamp":"2019-02-13 19:17 PM"},{"EventTitle":null,"EventDetails":"User User_3 logged out successfully","TimeStamp":"2019-02-13 19:17 PM"},{"EventTitle":null,"EventDetails":"Buy Market setup completed [Order Size 0.8, Limit Price 532]","TimeStamp":"2019-02-13 19:17 PM"},{"EventTitle":null,"EventDetails":"User User_4 logged in successfully","TimeStamp":"2019-02-13 19:17 PM"},{"EventTitle":null,"EventDetails":"Exchange Menu verified successfully","TimeStamp":"2019-02-13 19:17 PM"},{"EventTitle":null,"EventDetails":"For Sell Stop Order case ---> Balances stored successfully.","TimeStamp":"2019-02-13 19:17 PM"},{"EventTitle":null,"EventDetails":"Market Sell Order placed successfully [Buy Amount 0.8]","TimeStamp":"2019-02-13 19:17 PM"},{"EventTitle":null,"EventDetails":"Last Price532.00000000","TimeStamp":"2019-02-13 19:17 PM"},{"EventTitle":null,"EventDetails":"Sell Order successfully verified in Filled Orders tab","TimeStamp":"2019-02-13 19:17 PM"},{"EventTitle":null,"EventDetails":"Verified sell market Order test passed successfully","TimeStamp":"2019-02-13 19:17 PM"}]}

]]></output>
          </test-case>
          <test-case name="AlphaPoint_QA.Test.OrderEntryTest.TC2_VerifyAmountPersistence" fullname="AlphaPoint_QA.Test.OrderEntryTest.TC2_VerifyAmountPersistence" methodname="TC2_VerifyAmountPersistence" classname="AlphaPoint_QA.Test.OrderEntryTest" result="Failed" duration="31.927999999999997" asserts="0">
            <output><![CDATA[{"StartTime":"2019-02-13 19:17 PM","Endtime":"2019-02-13 19:18 PM","EventLog":[{"EventTitle":null,"EventDetails":"User User_1 logged in successfully","TimeStamp":"2019-02-13 19:18 PM"},{"EventTitle":null,"EventDetails":"Exchange Menu verified successfully","TimeStamp":"2019-02-13 19:18 PM"},{"EventTitle":null,"EventDetails":"Test case has been failed for Buy Market Order Type","TimeStamp":"2019-02-13 19:18 PM"},{"EventTitle":null,"EventDetails":"Test case has been failed for Sell Market Order Type","TimeStamp":"2019-02-13 19:18 PM"}]}

]]></output>
            <failure>
              <message>Assert.True() Failure
Expected: True
Actual:   False</message>
              <stack-trace>   at AlphaPoint_QA.Test.OrderEntryTest.TC2_VerifyAmountPersistence() in D:\WorkFolder\AlphaPoint\Development\Tech_Development\Demo_13Feb\AlphaPoint_QA\Test\OrderEntryTest.cs:line 65</stack-trace>
            </failure>
          </test-case>
          <test-case name="AlphaPoint_QA.Test.OrderEntryTest.TC8_VerifySellStopOrder" fullname="AlphaPoint_QA.Test.OrderEntryTest.TC8_VerifySellStopOrder" methodname="TC8_VerifySellStopOrder" classname="AlphaPoint_QA.Test.OrderEntryTest" result="Passed" duration="72.23899999999999" asserts="0">
            <output><![CDATA[{"StartTime":"2019-02-13 19:18 PM","Endtime":"2019-02-13 19:19 PM","EventLog":[{"EventTitle":null,"EventDetails":"User User_2 logged in successfully","TimeStamp":"2019-02-13 19:18 PM"},{"EventTitle":null,"EventDetails":"Setting up Sell market [Order Size 10, Limit Price 532]","TimeStamp":"2019-02-13 19:18 PM"},{"EventTitle":null,"EventDetails":"Exchange Menu verified successfully","TimeStamp":"2019-02-13 19:18 PM"},{"EventTitle":null,"EventDetails":"","TimeStamp":"2019-02-13 19:18 PM"},{"EventTitle":null,"EventDetails":"Market Sell Order placed successfully [Buy Amount 10]","TimeStamp":"2019-02-13 19:18 PM"},{"EventTitle":null,"EventDetails":"Limit Sell order placed successfully [Order Size 10, Limit Price 532] ","TimeStamp":"2019-02-13 19:18 PM"},{"EventTitle":null,"EventDetails":"User User_2 logged out successfully","TimeStamp":"2019-02-13 19:19 PM"},{"EventTitle":null,"EventDetails":"Sell Market setup completed [Order Size 10, Limit Price 532]","TimeStamp":"2019-02-13 19:19 PM"},{"EventTitle":null,"EventDetails":"User User_1 logged in successfully","TimeStamp":"2019-02-13 19:19 PM"},{"EventTitle":null,"EventDetails":"Exchange Menu verified successfully","TimeStamp":"2019-02-13 19:19 PM"},{"EventTitle":null,"EventDetails":"For Sell Stop Order case ---> Balances stored successfully.","TimeStamp":"2019-02-13 19:19 PM"},{"EventTitle":null,"EventDetails":"Market Sell Order placed successfully [Buy Amount 10]","TimeStamp":"2019-02-13 19:19 PM"},{"EventTitle":null,"EventDetails":"Sell Order Successfully verifed in Open orders tab","TimeStamp":"2019-02-13 19:19 PM"},{"EventTitle":null,"EventDetails":"Verified Sell stop Order test passed successfully","TimeStamp":"2019-02-13 19:19 PM"}]}

]]></output>
          </test-case>
          <test-case name="AlphaPoint_QA.Test.OrderEntryTest.TC7_VerifyBuyStopOrder" fullname="AlphaPoint_QA.Test.OrderEntryTest.TC7_VerifyBuyStopOrder" methodname="TC7_VerifyBuyStopOrder" classname="AlphaPoint_QA.Test.OrderEntryTest" result="Failed" duration="66.794" asserts="0">
            <output><![CDATA[{"StartTime":"2019-02-13 19:19 PM","Endtime":"2019-02-13 19:20 PM","EventLog":[{"EventTitle":null,"EventDetails":"User User_3 logged in successfully","TimeStamp":"2019-02-13 19:19 PM"},{"EventTitle":null,"EventDetails":"Setting up Sell market [Order Size 10, Limit Price 532]","TimeStamp":"2019-02-13 19:19 PM"},{"EventTitle":null,"EventDetails":"Exchange Menu verified successfully","TimeStamp":"2019-02-13 19:19 PM"},{"EventTitle":null,"EventDetails":"","TimeStamp":"2019-02-13 19:20 PM"},{"EventTitle":null,"EventDetails":"Market Sell Order placed successfully [Buy Amount 10]","TimeStamp":"2019-02-13 19:20 PM"},{"EventTitle":null,"EventDetails":"Limit Sell order placed successfully [Order Size 10, Limit Price 532] ","TimeStamp":"2019-02-13 19:20 PM"},{"EventTitle":null,"EventDetails":"User User_3 logged out successfully","TimeStamp":"2019-02-13 19:20 PM"},{"EventTitle":null,"EventDetails":"Sell Market setup completed [Order Size 10, Limit Price 532]","TimeStamp":"2019-02-13 19:20 PM"},{"EventTitle":null,"EventDetails":"User User_4 logged in successfully","TimeStamp":"2019-02-13 19:20 PM"},{"EventTitle":null,"EventDetails":"Exchange Menu verified successfully","TimeStamp":"2019-02-13 19:20 PM"},{"EventTitle":null,"EventDetails":"For Buy Stop Order case ---> Balances stored successfully.","TimeStamp":"2019-02-13 19:20 PM"}]}

]]></output>
            <failure>
              <message>Assert.Equal() Failure
          ↓ (pos 0)
Expected: Your order has been successfully added
Actual:   Invalid_Stop_Price
          ↑ (pos 0)</message>
              <stack-trace>   at AlphaPoint_QA.Test.OrderEntryTest.TC7_VerifyBuyStopOrder() in D:\WorkFolder\AlphaPoint\Development\Tech_Development\Demo_13Feb\AlphaPoint_QA\Test\OrderEntryTest.cs:line 314</stack-trace>
            </failure>
          </test-case>
          <test-case name="AlphaPoint_QA.Test.OrderEntryTest.TC3_VerifyBuyMarketOrder" fullname="AlphaPoint_QA.Test.OrderEntryTest.TC3_VerifyBuyMarketOrder" methodname="TC3_VerifyBuyMarketOrder" classname="AlphaPoint_QA.Test.OrderEntryTest" result="Failed" duration="79.586" asserts="0">
            <output><![CDATA[{"StartTime":"2019-02-13 19:20 PM","Endtime":"2019-02-13 19:21 PM","EventLog":[{"EventTitle":null,"EventDetails":"User User_1 logged in successfully","TimeStamp":"2019-02-13 19:20 PM"},{"EventTitle":null,"EventDetails":"Setting up Sell market [Order Size 7, Limit Price 532]","TimeStamp":"2019-02-13 19:20 PM"},{"EventTitle":null,"EventDetails":"Exchange Menu verified successfully","TimeStamp":"2019-02-13 19:21 PM"},{"EventTitle":null,"EventDetails":"","TimeStamp":"2019-02-13 19:21 PM"},{"EventTitle":null,"EventDetails":"Market Sell Order placed successfully [Buy Amount 7]","TimeStamp":"2019-02-13 19:21 PM"},{"EventTitle":null,"EventDetails":"Limit Sell order placed successfully [Order Size 7, Limit Price 532] ","TimeStamp":"2019-02-13 19:21 PM"},{"EventTitle":null,"EventDetails":"User User_1 logged out successfully","TimeStamp":"2019-02-13 19:21 PM"},{"EventTitle":null,"EventDetails":"Sell Market setup completed [Order Size 7, Limit Price 532]","TimeStamp":"2019-02-13 19:21 PM"},{"EventTitle":null,"EventDetails":"User User_2 logged in successfully","TimeStamp":"2019-02-13 19:21 PM"},{"EventTitle":null,"EventDetails":"Exchange Menu verified successfully","TimeStamp":"2019-02-13 19:21 PM"},{"EventTitle":null,"EventDetails":"Market Buy Order placed successfully [Buy Amount 0.07]","TimeStamp":"2019-02-13 19:21 PM"},{"EventTitle":null,"EventDetails":"Last Price532.00000000","TimeStamp":"2019-02-13 19:21 PM"},{"EventTitle":null,"EventDetails":"Buy Order not found in Filled Orders tab","TimeStamp":"2019-02-13 19:21 PM"}]}

]]></output>
            <failure>
              <message>Market Order successfully verified in Filled Orders tab
Expected: True
Actual:   False</message>
              <stack-trace>   at AlphaPoint_QA.Test.OrderEntryTest.TC3_VerifyBuyMarketOrder() in D:\WorkFolder\AlphaPoint\Development\Tech_Development\Demo_13Feb\AlphaPoint_QA\Test\OrderEntryTest.cs:line 117</stack-trace>
            </failure>
          </test-case>
        </test-suite>
        <test-suite type="TestFixture" name="ReportBlockTradeTest" fullname="AlphaPoint_QA.Test.ReportBlockTradeTest" total="1" passed="0" failed="1" inconclusive="0" skipped="0" result="Failed" duration="37.001999999999995">
          <test-case name="AlphaPoint_QA.Test.ReportBlockTradeTest.VerifyBuyBlockTradeWithLockedInTest" fullname="AlphaPoint_QA.Test.ReportBlockTradeTest.VerifyBuyBlockTradeWithLockedInTest" methodname="VerifyBuyBlockTradeWithLockedInTest" classname="AlphaPoint_QA.Test.ReportBlockTradeTest" result="Failed" duration="37.001999999999995" asserts="0">
            <failure>
              <message>OpenQA.Selenium.WebDriverException : unknown error: Element &lt;button id="OpenUserMenu" tabindex="0" type="button" style="border: 10px; box-sizing: border-box; display: inline-block; font-family: Roboto, sans-serif; -webkit-tap-highlight-color: rgba(0, 0, 0, 0); cursor: pointer; text-decoration: none; margin: 0px; padding: 0px; outline: none; font-size: inherit; font-weight: inherit; position: relative; height: 36px; line-height: 36px; min-width: 88px; color: rgba(0, 0, 0, 0.87); transition: all 450ms cubic-bezier(0.23, 1, 0.32, 1) 0ms; border-radius: 2px; user-select: none; overflow: hidden; background-color: rgba(0, 0, 0, 0); text-align: center;"&gt;...&lt;/button&gt; is not clickable at point (1125, 32). Other element would receive the click: &lt;div class="modal active"&gt;...&lt;/div&gt;
  (Session info: chrome=71.0.3578.98)
  (Driver info: chromedriver=2.45.615291 (ec3682e3c9061c10f26ea9e5cdcf3c53f3f74387),platform=Windows NT 10.0.17134 x86_64)</message>
              <stack-trace>   at AlphaPoint_QA.Common.AdminCommonFunctions.UserMenuBtn() in D:\WorkFolder\AlphaPoint\Development\Tech_Development\Demo_13Feb\AlphaPoint_QA\Common\AdminCommonFunctions.cs:line 818
   at AlphaPoint_QA.Test.ReportBlockTradeTest.VerifyBuyBlockTradeWithLockedInTest() in D:\WorkFolder\AlphaPoint\Development\Tech_Development\Demo_13Feb\AlphaPoint_QA\Test\ReportBlockTradeTest.cs:line 148</stack-trace>
            </failure>
          </test-case>
        </test-suite>
        <test-suite type="TestFixture" name="UserSettingsTest" fullname="AlphaPoint_QA.Test.UserSettingsTest" total="2" passed="2" failed="0" inconclusive="0" skipped="0" result="Passed" duration="113.062">
          <test-case name="AlphaPoint_QA.Test.UserSettingsTest.TC46_VerifyDeleteAPIKey" fullname="AlphaPoint_QA.Test.UserSettingsTest.TC46_VerifyDeleteAPIKey" methodname="TC46_VerifyDeleteAPIKey" classname="AlphaPoint_QA.Test.UserSettingsTest" result="Passed" duration="38.885" asserts="0">
            <output><![CDATA[{"StartTime":"2019-02-13 19:22 PM","Endtime":"2019-02-13 19:23 PM","EventLog":[{"EventTitle":null,"EventDetails":"User magic1 logged in successfully","TimeStamp":"2019-02-13 19:22 PM"},{"EventTitle":null,"EventDetails":"API Key Button is present","TimeStamp":"2019-02-13 19:22 PM"},{"EventTitle":null,"EventDetails":"Clicked on API Key Button successfully","TimeStamp":"2019-02-13 19:22 PM"},{"EventTitle":null,"EventDetails":"Checkboxes[Trading, deposits and withdrawls] are present","TimeStamp":"2019-02-13 19:23 PM"},{"EventTitle":null,"EventDetails":"Checkboxes[Trading, deposits and withdrawls] are selected","TimeStamp":"2019-02-13 19:23 PM"},{"EventTitle":null,"EventDetails":"Confirmation Modal verified [Permission: Trading, Withdraw, Deposit]","TimeStamp":"2019-02-13 19:23 PM"},{"EventTitle":null,"EventDetails":"API key added is present in the Existing API List","TimeStamp":"2019-02-13 19:23 PM"},{"EventTitle":null,"EventDetails":"Successfully verified the permissions added to the API Key","TimeStamp":"2019-02-13 19:23 PM"},{"EventTitle":null,"EventDetails":"Verification passed: Secret Key is not displayed in the API Keys List","TimeStamp":"2019-02-13 19:23 PM"},{"EventTitle":null,"EventDetails":"API Key Creeated successfully","TimeStamp":"2019-02-13 19:23 PM"},{"EventTitle":null,"EventDetails":"Verification Passed: Delete button is present","TimeStamp":"2019-02-13 19:23 PM"},{"EventTitle":null,"EventDetails":"Verification Passed: Delete button is present","TimeStamp":"2019-02-13 19:23 PM"},{"EventTitle":null,"EventDetails":"Verification Passed: Delete button is present","TimeStamp":"2019-02-13 19:23 PM"},{"EventTitle":null,"EventDetails":"Verification Passed: Delete button is present","TimeStamp":"2019-02-13 19:23 PM"},{"EventTitle":null,"EventDetails":"API Key deleted and verified successfully","TimeStamp":"2019-02-13 19:23 PM"},{"EventTitle":null,"EventDetails":"API Key deleted and verified successfully","TimeStamp":"2019-02-13 19:23 PM"}]}

]]></output>
          </test-case>
          <test-case name="AlphaPoint_QA.Test.UserSettingsTest.TC44_VerifyCreateAPIKey" fullname="AlphaPoint_QA.Test.UserSettingsTest.TC44_VerifyCreateAPIKey" methodname="TC44_VerifyCreateAPIKey" classname="AlphaPoint_QA.Test.UserSettingsTest" result="Passed" duration="74.176999999999992" asserts="0">
            <output><![CDATA[{"StartTime":"2019-02-13 19:23 PM","Endtime":"2019-02-13 19:24 PM","EventLog":[{"EventTitle":null,"EventDetails":"User dhirender logged in successfully","TimeStamp":"2019-02-13 19:23 PM"},{"EventTitle":null,"EventDetails":"API Key Button is present","TimeStamp":"2019-02-13 19:23 PM"},{"EventTitle":null,"EventDetails":"Clicked on API Key Button successfully","TimeStamp":"2019-02-13 19:23 PM"},{"EventTitle":null,"EventDetails":"API Key Button is present","TimeStamp":"2019-02-13 19:23 PM"},{"EventTitle":null,"EventDetails":"Checkboxes[Trading, deposits and withdrawls] are present","TimeStamp":"2019-02-13 19:23 PM"},{"EventTitle":null,"EventDetails":"Checkboxes[Trading, deposits and withdrawls] are present","TimeStamp":"2019-02-13 19:23 PM"},{"EventTitle":null,"EventDetails":"Checkboxes[Trading, deposits and withdrawls] are selected","TimeStamp":"2019-02-13 19:24 PM"},{"EventTitle":null,"EventDetails":"Confirmation Modal verified [Permission: Trading, Withdraw, Deposit]","TimeStamp":"2019-02-13 19:24 PM"},{"EventTitle":null,"EventDetails":"API key added is present in the Existing API List","TimeStamp":"2019-02-13 19:24 PM"},{"EventTitle":null,"EventDetails":"Successfully verified the permissions added to the API Key","TimeStamp":"2019-02-13 19:24 PM"},{"EventTitle":null,"EventDetails":"Verification passed: Secret Key is not displayed in the API Keys List","TimeStamp":"2019-02-13 19:24 PM"},{"EventTitle":null,"EventDetails":"API Key created and verified successfully","TimeStamp":"2019-02-13 19:24 PM"}]}

]]></output>
          </test-case>
        </test-suite>
        <test-suite type="TestFixture" name="WalletsTest" fullname="AlphaPoint_QA.Test.WalletsTest" total="2" passed="0" failed="2" inconclusive="0" skipped="0" result="Failed" duration="238.66">
          <test-case name="AlphaPoint_QA.Test.WalletsTest.TC39_WalletsReceiveRequestbyEmail" fullname="AlphaPoint_QA.Test.WalletsTest.TC39_WalletsReceiveRequestbyEmail" methodname="TC39_WalletsReceiveRequestbyEmail" classname="AlphaPoint_QA.Test.WalletsTest" result="Failed" duration="130.101" asserts="0">
            <failure>
              <message>System.NullReferenceException : Object reference not set to an instance of an object.</message>
              <stack-trace>   at AlphaPoint_QA.Test.WalletsTest.TC39_WalletsReceiveRequestbyEmail() in D:\WorkFolder\AlphaPoint\Development\Tech_Development\Demo_13Feb\AlphaPoint_QA\Test\WalletsTest.cs:line 157</stack-trace>
            </failure>
          </test-case>
          <test-case name="AlphaPoint_QA.Test.WalletsTest.TC40_WalletsWithdrawFiatcurrency" fullname="AlphaPoint_QA.Test.WalletsTest.TC40_WalletsWithdrawFiatcurrency" methodname="TC40_WalletsWithdrawFiatcurrency" classname="AlphaPoint_QA.Test.WalletsTest" result="Failed" duration="108.559" asserts="0">
            <failure>
              <message>Status Id Not Found in Ticket-&gt; Withdraw Page.
Expected: True
Actual:   False</message>
              <stack-trace>   at AlphaPoint_QA.Test.WalletsTest.TC40_WalletsWithdrawFiatcurrency() in D:\WorkFolder\AlphaPoint\Development\Tech_Development\Demo_13Feb\AlphaPoint_QA\Test\WalletsTest.cs:line 256</stack-trace>
            </failure>
          </test-case>
        </test-suite>
      </test-suite>
    </test-suite>
    <errors />
  </test-suite>
</test-run>